2023-02-03 18:49:26 ----------------------------------------------
2023-02-03 18:49:26 [log:] Reposync session start.
2023-02-03 18:49:26 ----------------------------------------------
2023-02-03 18:49:27 [inf:] RepoPath: F:\Code Backup\repos\cameronlanders.com. Target branch: main
2023-02-03 18:49:27 [git:] On branch gh-pages
2023-02-03 18:49:29 [log:] Reposync session end.
2023-02-03 18:49:39 ----------------------------------------------
2023-02-03 18:49:39 [log:] Reposync session start.
2023-02-03 18:49:39 ----------------------------------------------
2023-02-03 18:49:39 [inf:] RepoPath: F:\Code Backup\repos\cameronlanders.com. Target branch: master
2023-02-03 18:49:40 [git:] On branch gh-pages
2023-02-03 18:49:41 [log:] Reposync session end.
2023-02-03 18:50:04 ----------------------------------------------
2023-02-03 18:50:04 [log:] Reposync session start.
2023-02-03 18:50:04 ----------------------------------------------
2023-02-03 18:50:04 [inf:] RepoPath: main. Target branch: F:\Code Backup\repos\cameronlanders.com
2023-02-03 18:50:05 [log:] Reposync session end.
2023-02-03 18:53:50 ----------------------------------------------
2023-02-03 18:53:51 [log:] Reposync session start.
2023-02-03 18:53:51 ----------------------------------------------
2023-02-03 18:53:51 [inf:] RepoPath: F:\Code Backup\repos\cameronlanders.com. Target branch: main
2023-02-03 18:53:51 [git:] On branch gh-pages
2023-02-03 18:53:53 [log:] Reposync session end.
2023-02-03 18:54:41 ----------------------------------------------
2023-02-03 18:54:42 [log:] Reposync session start.
2023-02-03 18:54:42 ----------------------------------------------
2023-02-03 18:54:42 [inf:] RepoPath: F:\Code Backup\repos\cameronlanders.com. Target branch: gh-pages
2023-02-03 18:54:42 [git:] Your branch is up to date with 'origin/gh-pages'.
2023-02-03 18:54:43 [git:] On branch gh-pages
2023-02-03 18:54:45 [log:] Reposync session end.
